[117678][1748039447684][main][info]["Booting Postman 11.45.2, linux-6.14.6-arch1-1 on x64"]
[117678][1748039447686][main][info]["EventBus~initialize - Success"]
[117678][1748039447687][main][info]["Proxy configuration has not been setup"]
[117678][1748039447687][main][info]["CloudProxyManager~init - Success"]
[117678][1748039447717][main][info]["performShellDataMigration: Starting shell data migration"]
[117678][1748039447718][main][info]["migrateShellData:Starting"]
[117678][1748039447720][main][info]["migrateShellData: Old storage cleaned up"]
[117678][1748039448066][main][info]["migrateShellData: Got data from shell. Writing to storage"]
[117678][1748039448070][main][info]["performShellDataMigration: Migration successful on try count 1"]
[117678][1748039448078][main][info]["UpdateHandler~init - Success"]
[117678][1748039448080][main][info]["LeaderSelection: Initialized successfully"]
[117678][1748039448091][main][info]["GPU detected VID 4318 DID 8708 ACTIVE true"]
[117678][1748039448092][main][info]["shellController~init: Success"]
[117678][1748039448092][main][info]["shellMeta~init: Success"]
[117678][1748039448092][main][info]["partitionMigrationService: State of V7 partition:"]
[117678][1748039448092][main][info]["partitionMigrationService: V7 partitions",[]]
[117678][1748039448093][main][info]["partitionMigrationService~rectifyNamespaceOfScratchPadPartition: There is no partition with scratchpad namespace"]
[117678][1748039448093][main][info]["partitionMigrationService~rectifyNamespaceOfScratchPadPartition: There is no transit partition which could have been used for scratchpad"]
[117678][1748039448093][main][info]["partitionMigrationService~init: Success"]
[117678][1748039448093][main][info]["partitionMigrationService~runV8PartitionsIntegrity: Two way migration~ removing the following partitions from v8",[]]
[117678][1748039448093][main][info]["userPartitionService~_rectifyTheActivePartitionOfApplication: Setting the active partition to ",null]
[117678][1748039448109][main][info]["LinuxAutoUpdater~Cleanup - Initial cleanup successful"]
[117678][1748039448111][main][info]["newAccountRegionPreferenceService~getPreferenceWithFallback - Preference not found in storage."]
[117678][1748039448111][main][info]["newAccountRegionPreferenceService~getToggleMenuTemplate - Using preference:","useUSRegion"]
[117678][1748039448117][main][info]["userPartitionService~init: Success"]
[117678][1748039448129][main][info]["userPartitionService: State of v8 partition system:"]
[117678][1748039448129][main][info]["shell~init~getPartitionToLoad: loading scratchpad partition"]
[117678][1748039448129][main][info]["userPartitionService: List of partitions:",[]]
[117678][1748039448129][main][info]["userPartitionService: users global meta:",{}]
[117678][1748039448137][main][info]["Main:windowManager~newRequesterWindow: Fetch and update runtime config: undefined"]
[117678][1748039449699][main][info]["RuntimeIPCAgent~started: Success"]
[117678][1748039449708][main][info]["Main~scratchpadThemeAction:: action: set, value: light"]
[117678][1748039449710][main][info]["Main~scratchpadThemeAction:: action: set, value: light"]
[117678][1748039449718][main][info]["Main~scratchpadThemeAction:: action: set, value: light"]
[117678][1748039449722][main][info]["UpdateHandler~app-update-events - Received event",{"name":"checkForElectronVersionUpdated","namespace":"appUpdate"}]
[117678][1748039449727][main][info]["windowManager: First requester booted successfully."]
[117678][1748039449727][main][info]["windowManager~restoreWindows: Restoring requester windows"]
[117678][1748039449727][main][info]["WebVersionService: Initialized successfully with version: undefined"]
[117678][1748039449727][main][info]["Main~AppEvents - Received booted event for process requester.Version undefined UI Version: undefined Desktop Platform Version: 11.45.2"]
[117678][1748039453980][main][info]["Main - model-events~user - (users, add) received"]
[117678][1748039454021][main][info]["WebVersionService: Resetting UI version as user logged out/switched account"]
[117678][1748039454021][main][info]["WebVersionService: Resetting web app version"]
[117678][1748039454212][main][info]["AuthHandler~open: Received dom-ready event."]
[117678][1748039454213][main][info]["AuthHandler~open: Received did-finish-load event."]
[117678][1748039454303][main][warn]["AuthHandler~open: Current app is not default protocol client - Falling back to polling mechanism."]
[117678][1748039454304][main][info]["newAccountRegionPreferenceService~getPreferenceWithFallback - Preference not found in storage."]
[117678][1748039454304][main][info]["newAccountRegionPreferenceService~getRegionPreference - Using preference:","useUSRegion"]
[117678][1748039454304][main][info]["AuthHandler~open: new Account region preference:","us"]
[117678][1748039454305][main][info]["AuthHandler~open: get multiLoginToken token."]
[117678][1748039454305][main][info]["AuthHandler~open: Publishing initialize event to auth-window channel."]
[117678][1748039480664][main][info]["Shell~init~loginUser: associating the user ","32528523"," with transit partition"]
[117678][1748039480664][main][info]["userPartitionService~getNewPartitionId: creating a partition with userId and teamId as 0"]
[117678][1748039480674][main][info]["userPartitionService~associateTransitPartition: ",{"partitionId":"29c5ca1d-17d6-4c79-9563-521f0f8ab9fc","context":{"namespace":"users","userId":"32528523","teamId":"5991357","region":"us"}}]
[117678][1748039480684][main][info]["userPartitionService: State of v8 partition system:"]
[117678][1748039480684][main][info]["userPartitionService: List of partitions:",[{"partitionId":"29c5ca1d-17d6-4c79-9563-521f0f8ab9fc","namespace":"users","userId":"32528523","teamId":"5991357","lastUpdated":"2025-05-23T22:31:20.674Z"},{"partitionId":"bb4b4ae9-1de3-4d1b-9b01-3172d39c52dd","namespace":"scratchPad","userId":0,"teamId":0,"isDirty":false}]]
[117678][1748039480684][main][info]["userPartitionService: users global meta:",{}]
[117678][1748039480687][main][info]["Main:windowManager~newRequesterWindow: Fetch and update runtime config: us"]
[117678][1748039480723][main][info]["getDesktopReleaseVersionAsQueryParams: webVersion: "]
[117678][1748039482262][main][info]["Main~getRemoteInitPath:: "]
[117678][1748039482319][main][info]["Main - model-events~user - (user, update) received"]
[117678][1748039482319][main][info]["Main~reload: https://desktop.postman.com/?desktopVersion=11.45.2&userId=32528523&teamId=5991357&region=us"]
[117678][1748039482492][main][info]["UpdateHandler~app-update-events - Received event",{"name":"checkForElectronVersionUpdated","namespace":"appUpdate"}]
[117678][1748039482494][main][info]["INTERCEPTOR CONNECTIVITY: Connecting to Interceptor Bridge"]
[117678][1748039482502][main][info]["windowManager: First requester booted successfully."]
[117678][1748039482502][main][info]["windowManager~restoreWindows: Restoring requester windows"]
[117678][1748039482502][main][info]["WebVersionService: Initialized successfully with version: 11.45.5-ui-250515-0826"]
[117678][1748039482502][main][info]["Main~AppEvents - Received booted event for process requester.Version 11.45.5 UI Version: 11.45.5-ui-250515-0826 Desktop Platform Version: 11.45.2"]
[117678][1748039482526][main][info]["Main~getRemoteInitPath:: "]
[117678][1748039482681][main][info]["INTERCEPTOR CONNECTIVITY: Attempting to start websocket server on port 15611"]
[117678][1748039483235][main][info]["Main~getRemoteInitPath:: "]
[117678][1748039483283][main][info]["Main - model-events~user - (user, update) received"]
[117678][1748039483458][main][info]["UpdateHandler~app-update-events - Received event",{"name":"checkForElectronVersionUpdated","namespace":"appUpdate"}]
[117678][1748039483464][main][info]["WebVersionService: Initialized successfully with version: 11.45.5-ui-250515-0826"]
[117678][1748039483464][main][info]["Main~AppEvents - Received booted event for process requester.Version 11.45.5 UI Version: 11.45.5-ui-250515-0826 Desktop Platform Version: 11.45.2"]
[117678][1748039483476][main][info]["Main~getRemoteInitPath:: "]
[117678][1748039483517][main][info]["Main~getPlatformLaunchPerfMetrics"]
[117678][1748039484539][main][info]["Main - model-events~user - (user, bootstrapUser) received"]
[117678][1748039484540][main][info]["model-events~user - bootstrapUser received"]
[117678][1748039484665][main][info]["Main - model-events~user - (user, bootstrapUser) received"]
[117678][1748039484665][main][info]["model-events~user - bootstrapUser received"]
[117678][1748039488874][main][error]["Error while retrieving user key from keychain",{"name":"Error","message":"The name is not activatable","stack":"Error: The name is not activatable"}]
[117678][1748039493769][main][info]["UpdateHandler~app-update-events - Received event",{"name":"updateElectron","namespace":"appUpdate","data":{"channel":"stable","version":"11.45.2","downloadVersion":"11.46.6","appId":"2db82837-35da-4de3-ac02-7706c4d8dfd7","userAgent":"Mozilla/5.0 (X11; Linux x86_64) AppleWebKit/537.36 (KHTML, like Gecko) Postman/11.45.2 Electron/32.3.3 Safari/537.36","platform":"LINUX","arch":"64","downloadURL":"https://dl.pstmn.io/download/version/11.46.6/linux_64","updateServerDomain":"https://dl.pstmn.io/","additionalParamsString":"installationId=2db82837-35da-4de3-ac02-7706c4d8dfd7&userId=32528523&syncEnabled=true&teamPlan=sync-free-3-trial&teamId=5991357","userId":"32528523"}}]
[117678][1748039493769][main][info]["LinuxUpdater~downloadUpdate - UpdateInfo received",{"channel":"stable","version":"11.45.2","downloadVersion":"11.46.6","appId":"2db82837-35da-4de3-ac02-7706c4d8dfd7","userAgent":"Mozilla/5.0 (X11; Linux x86_64) AppleWebKit/537.36 (KHTML, like Gecko) Postman/11.45.2 Electron/32.3.3 Safari/537.36","platform":"LINUX","arch":"64","downloadURL":"https://dl.pstmn.io/download/version/11.46.6/linux_64","updateServerDomain":"https://dl.pstmn.io/","additionalParamsString":"installationId=2db82837-35da-4de3-ac02-7706c4d8dfd7&userId=32528523&syncEnabled=true&teamPlan=sync-free-3-trial&teamId=5991357","userId":"32528523"}]
[117678][1748039493830][main][error]["@postman/app-updater: error",{"errno":-13,"code":"EACCES","syscall":"open","path":"/opt/postman/Postman-1748039493769.tar.gz","name":"Error","message":"EACCES: permission denied, open '/opt/postman/Postman-1748039493769.tar.gz'","stack":"Error: EACCES: permission denied, open '/opt/postman/Postman-1748039493769.tar.gz'"},{"context":{"api":"@postman/app-updater","domain":"starship"},"info":"{\"packageName\":\"Postman\",\"eID\":\"Postman-1748039493769\",\"downloadURL\":\"https://dl.pstmn.io/download/version/11.46.6/linux_64\",\"downloadDirectory\":\"/opt/postman\",\"downloadInfo\":{\"status\":\"DOWNLOAD_ERROR\",\"error\":{\"errno\":-13,\"code\":\"EACCES\",\"syscall\":\"open\",\"path\":\"/opt/postman/Postman-1748039493769.tar.gz\"},\"downloadDirectory\":\"/opt/postman\"}}"}]
[117678][1748039493831][main][info]["UpdateHandler~app-update-events - Received event",{"name":"electronAppUpdateError","namespace":"appUpdate","data":{"error":{"errno":-13,"code":"EACCES","syscall":"open","path":"/opt/postman/Postman-1748039493769.tar.gz","name":"Error","message":"EACCES: permission denied, open '/opt/postman/Postman-1748039493769.tar.gz'","stack":"Error: EACCES: permission denied, open '/opt/postman/Postman-1748039493769.tar.gz'"},"updateData":{"packageName":"Postman","eID":"Postman-1748039493769","downloadURL":"https://dl.pstmn.io/download/version/11.46.6/linux_64","downloadDirectory":"/opt/postman","downloadInfo":{"status":"DOWNLOAD_ERROR","error":{"errno":-13,"code":"EACCES","syscall":"open","path":"/opt/postman/Postman-1748039493769.tar.gz"},"downloadDirectory":"/opt/postman"}}}}]
[117678][1748039508690][main][info]["WindowManager~closeHandler - Closed Window (id: 4 )"]
[117678][1748039508708][main][info]["Quitting app"]
[118492][1748039514456][main][info]["Booting Postman 11.45.2, linux-6.14.6-arch1-1 on x64"]
[118492][1748039514458][main][info]["EventBus~initialize - Success"]
[118492][1748039514459][main][info]["Proxy configuration has not been setup"]
[118492][1748039514460][main][info]["CloudProxyManager~init - Success"]
[118492][1748039514497][main][info]["performShellDataMigration: Migration has already been done. Bailing out"]
[118492][1748039514501][main][info]["UpdateHandler~init - Success"]
[118492][1748039514502][main][info]["LeaderSelection: Initialized successfully"]
[118492][1748039514508][main][info]["GPU detected VID 4318 DID 8708 ACTIVE true"]
[118492][1748039514509][main][info]["shellController~init: Success"]
[118492][1748039514509][main][info]["shellMeta~init: Success"]
[118492][1748039514509][main][info]["partitionMigrationService: State of V7 partition:"]
[118492][1748039514509][main][info]["partitionMigrationService: V7 partitions",[]]
[118492][1748039514510][main][info]["partitionMigrationService~rectifyNamespaceOfScratchPadPartition: There is no partition with scratchpad namespace"]
[118492][1748039514510][main][info]["partitionMigrationService~rectifyNamespaceOfScratchPadPartition: There is no transit partition which could have been used for scratchpad"]
[118492][1748039514510][main][info]["partitionMigrationService~init: Success"]
[118492][1748039514510][main][info]["partitionMigrationService~runV8PartitionsIntegrity: Two way migration~ removing the following partitions from v8",[]]
[118492][1748039514510][main][info]["userPartitionService~getRecentV8UserPartition: recent v8 user context partition ","29c5ca1d-17d6-4c79-9563-521f0f8ab9fc"]
[118492][1748039514510][main][info]["userPartitionService~_rectifyTheActivePartitionOfApplication: Setting the active partition to ","29c5ca1d-17d6-4c79-9563-521f0f8ab9fc"]
[118492][1748039514512][main][info]["LinuxAutoUpdater~Cleanup - Initial cleanup successful"]
[118492][1748039514513][main][info]["newAccountRegionPreferenceService~getPreferenceWithFallback - Preference not found in storage."]
[118492][1748039514514][main][info]["newAccountRegionPreferenceService~getToggleMenuTemplate - Using preference:","useUSRegion"]
[118492][1748039514520][main][info]["userPartitionService~init: Success"]
[118492][1748039514532][main][info]["userPartitionService: State of v8 partition system:"]
[118492][1748039514532][main][info]["shell~init~getPartitionToLoad: loading active partition"]
[118492][1748039514532][main][info]["userPartitionService: List of partitions:",[{"partitionId":"29c5ca1d-17d6-4c79-9563-521f0f8ab9fc","namespace":"users","userId":"32528523","teamId":"5991357","lastUpdated":"2025-05-23T22:31:20.674Z"},{"partitionId":"bb4b4ae9-1de3-4d1b-9b01-3172d39c52dd","namespace":"scratchPad","userId":0,"teamId":0,"isDirty":false}]]
[118492][1748039514532][main][info]["userPartitionService: users global meta:",{}]
[118492][1748039514533][main][info]["Main:windowManager~newRequesterWindow: Fetch and update runtime config: us"]
[118492][1748039514581][main][info]["getDesktopReleaseVersionAsQueryParams: webVersion: "]
[118492][1748039515735][main][info]["Main~getRemoteInitPath:: "]
[118492][1748039515767][main][info]["UpdateHandler~app-update-events - Received event",{"name":"checkForElectronVersionUpdated","namespace":"appUpdate"}]
[118492][1748039515769][main][info]["INTERCEPTOR CONNECTIVITY: Connecting to Interceptor Bridge"]
[118492][1748039515778][main][info]["windowManager: First requester booted successfully."]
[118492][1748039515778][main][info]["windowManager~restoreWindows: Restoring requester windows"]
[118492][1748039515778][main][info]["WebVersionService: Initialized successfully with version: 11.45.5-ui-250515-0826"]
[118492][1748039515778][main][info]["Main~AppEvents - Received booted event for process requester.Version 11.45.5 UI Version: 11.45.5-ui-250515-0826 Desktop Platform Version: 11.45.2"]
[118492][1748039515804][main][info]["Main~getRemoteInitPath:: "]
[118492][1748039516001][main][info]["INTERCEPTOR CONNECTIVITY: Attempting to start websocket server on port 15611"]
[118492][1748039517088][main][info]["Main - model-events~user - (user, bootstrapUser) received"]
[118492][1748039517088][main][info]["model-events~user - bootstrapUser received"]
[118492][1748039517090][main][info]["Main~getPlatformLaunchPerfMetrics"]
[118492][1748039521594][main][info]["RuntimeIPCAgent~started: Success"]
[118492][1748039521603][main][error]["Error while retrieving user key from keychain",{"name":"Error","message":"The name is not activatable","stack":"Error: The name is not activatable"}]
[118492][1748039526049][main][info]["UpdateHandler~app-update-events - Received event",{"name":"updateElectron","namespace":"appUpdate","data":{"channel":"stable","version":"11.45.2","downloadVersion":"11.46.6","appId":"2db82837-35da-4de3-ac02-7706c4d8dfd7","userAgent":"Mozilla/5.0 (X11; Linux x86_64) AppleWebKit/537.36 (KHTML, like Gecko) Postman/11.45.2 Electron/32.3.3 Safari/537.36","platform":"LINUX","arch":"64","downloadURL":"https://dl.pstmn.io/download/version/11.46.6/linux_64","updateServerDomain":"https://dl.pstmn.io/","additionalParamsString":"installationId=2db82837-35da-4de3-ac02-7706c4d8dfd7&userId=32528523&syncEnabled=true&teamPlan=sync-free-3-trial&teamId=5991357","userId":"32528523"}}]
[118492][1748039526049][main][info]["LinuxUpdater~downloadUpdate - UpdateInfo received",{"channel":"stable","version":"11.45.2","downloadVersion":"11.46.6","appId":"2db82837-35da-4de3-ac02-7706c4d8dfd7","userAgent":"Mozilla/5.0 (X11; Linux x86_64) AppleWebKit/537.36 (KHTML, like Gecko) Postman/11.45.2 Electron/32.3.3 Safari/537.36","platform":"LINUX","arch":"64","downloadURL":"https://dl.pstmn.io/download/version/11.46.6/linux_64","updateServerDomain":"https://dl.pstmn.io/","additionalParamsString":"installationId=2db82837-35da-4de3-ac02-7706c4d8dfd7&userId=32528523&syncEnabled=true&teamPlan=sync-free-3-trial&teamId=5991357","userId":"32528523"}]
[118492][1748039526111][main][error]["@postman/app-updater: error",{"errno":-13,"code":"EACCES","syscall":"open","path":"/opt/postman/Postman-1748039526049.tar.gz","name":"Error","message":"EACCES: permission denied, open '/opt/postman/Postman-1748039526049.tar.gz'","stack":"Error: EACCES: permission denied, open '/opt/postman/Postman-1748039526049.tar.gz'"},{"context":{"api":"@postman/app-updater","domain":"starship"},"info":"{\"packageName\":\"Postman\",\"eID\":\"Postman-1748039526049\",\"downloadURL\":\"https://dl.pstmn.io/download/version/11.46.6/linux_64\",\"downloadDirectory\":\"/opt/postman\",\"downloadInfo\":{\"status\":\"DOWNLOAD_ERROR\",\"error\":{\"errno\":-13,\"code\":\"EACCES\",\"syscall\":\"open\",\"path\":\"/opt/postman/Postman-1748039526049.tar.gz\"},\"downloadDirectory\":\"/opt/postman\"}}"}]
[118492][1748039526112][main][info]["UpdateHandler~app-update-events - Received event",{"name":"electronAppUpdateError","namespace":"appUpdate","data":{"error":{"errno":-13,"code":"EACCES","syscall":"open","path":"/opt/postman/Postman-1748039526049.tar.gz","name":"Error","message":"EACCES: permission denied, open '/opt/postman/Postman-1748039526049.tar.gz'","stack":"Error: EACCES: permission denied, open '/opt/postman/Postman-1748039526049.tar.gz'"},"updateData":{"packageName":"Postman","eID":"Postman-1748039526049","downloadURL":"https://dl.pstmn.io/download/version/11.46.6/linux_64","downloadDirectory":"/opt/postman","downloadInfo":{"status":"DOWNLOAD_ERROR","error":{"errno":-13,"code":"EACCES","syscall":"open","path":"/opt/postman/Postman-1748039526049.tar.gz"},"downloadDirectory":"/opt/postman"}}}}]
[118492][1748039526157][main][warn]["NewRelicService~RecordCustomEvent: API request failed",{"name":"Error","message":"Received status code 429 from NewRelic","stack":"Error: Received status code 429 from NewRelic\n    at /opt/postman/app/resources/app/main.js:38:21338\n    at IncomingMessage.<anonymous> (/opt/postman/app/resources/app/main.js:38:21070)\n    at Object.onceWrapper (node:events:632:28)\n    at IncomingMessage.emit (node:events:530:35)\n    at IncomingMessage.emit (node:domain:489:12)\n    at endReadableNT (node:internal/streams/readable:1698:12)\n    at process.processTicksAndRejections (node:internal/process/task_queues:82:21)"}]
